Analysis & Synthesis report for accel
Mon Mar 11 02:40:59 2024
Quartus Prime Version 21.1.0 Build 842 10/21/2021 SJ Lite Edition


---------------------
; Table of Contents ;
---------------------
  1. Legal Notice
  2. Analysis & Synthesis Summary
  3. Analysis & Synthesis Settings
  4. Parallel Compilation
  5. Analysis & Synthesis IP Cores Summary
  6. Parameter Settings for User Entity Instance: ip:ip_inst|altpll:altpll_component
  7. Parameter Settings for User Entity Instance: spi_control:spi_ctrl
  8. Parameter Settings for User Entity Instance: seg7:s0
  9. Parameter Settings for User Entity Instance: seg7:s1
 10. Parameter Settings for User Entity Instance: seg7:s2
 11. Parameter Settings for User Entity Instance: seg7:s3
 12. Parameter Settings for User Entity Instance: seg7:s4
 13. Parameter Settings for User Entity Instance: seg7:s5
 14. Port Connectivity Checks: "seg7:s5"
 15. Port Connectivity Checks: "seg7:s4"
 16. Port Connectivity Checks: "seg7:s3"
 17. Port Connectivity Checks: "seg7:s2"
 18. Port Connectivity Checks: "seg7:s1"
 19. Port Connectivity Checks: "seg7:s0"
 20. Port Connectivity Checks: "spi_control:spi_ctrl"
 21. Port Connectivity Checks: "ip:ip_inst"
 22. Analysis & Synthesis Messages
 23. Analysis & Synthesis Suppressed Messages



----------------
; Legal Notice ;
----------------
Copyright (C) 2021  Intel Corporation. All rights reserved.
Your use of Intel Corporation's design tools, logic functions 
and other software and tools, and any partner logic 
functions, and any output files from any of the foregoing 
(including device programming or simulation files), and any 
associated documentation or information are expressly subject 
to the terms and conditions of the Intel Program License 
Subscription Agreement, the Intel Quartus Prime License Agreement,
the Intel FPGA IP License Agreement, or other applicable license
agreement, including, without limitation, that your use is for
the sole purpose of programming logic devices manufactured by
Intel and sold by Intel or its authorized distributors.  Please
refer to the applicable agreement for further details, at
https://fpgasoftware.intel.com/eula.



+----------------------------------------------------------------------------------+
; Analysis & Synthesis Summary                                                     ;
+------------------------------------+---------------------------------------------+
; Analysis & Synthesis Status        ; Failed - Mon Mar 11 02:40:59 2024           ;
; Quartus Prime Version              ; 21.1.0 Build 842 10/21/2021 SJ Lite Edition ;
; Revision Name                      ; accel                                       ;
; Top-level Entity Name              ; accel                                       ;
; Family                             ; MAX 10                                      ;
; Total logic elements               ; N/A until Partition Merge                   ;
;     Total combinational functions  ; N/A until Partition Merge                   ;
;     Dedicated logic registers      ; N/A until Partition Merge                   ;
; Total registers                    ; N/A until Partition Merge                   ;
; Total pins                         ; N/A until Partition Merge                   ;
; Total virtual pins                 ; N/A until Partition Merge                   ;
; Total memory bits                  ; N/A until Partition Merge                   ;
; Embedded Multiplier 9-bit elements ; N/A until Partition Merge                   ;
; Total PLLs                         ; N/A until Partition Merge                   ;
; UFM blocks                         ; N/A until Partition Merge                   ;
; ADC blocks                         ; N/A until Partition Merge                   ;
+------------------------------------+---------------------------------------------+


+------------------------------------------------------------------------------------------------------------+
; Analysis & Synthesis Settings                                                                              ;
+------------------------------------------------------------------+--------------------+--------------------+
; Option                                                           ; Setting            ; Default Value      ;
+------------------------------------------------------------------+--------------------+--------------------+
; Device                                                           ; 10M50DAF484C7G     ;                    ;
; Top-level entity name                                            ; accel              ; accel              ;
; Family name                                                      ; MAX 10 FPGA        ; Cyclone V          ;
; Use smart compilation                                            ; Off                ; Off                ;
; Enable parallel Assembler and Timing Analyzer during compilation ; On                 ; On                 ;
; Enable compact report table                                      ; Off                ; Off                ;
; Restructure Multiplexers                                         ; Auto               ; Auto               ;
; Create Debugging Nodes for IP Cores                              ; Off                ; Off                ;
; Preserve fewer node names                                        ; On                 ; On                 ;
; Intel FPGA IP Evaluation Mode                                    ; Enable             ; Enable             ;
; Verilog Version                                                  ; Verilog_2001       ; Verilog_2001       ;
; VHDL Version                                                     ; VHDL_1993          ; VHDL_1993          ;
; State Machine Processing                                         ; Auto               ; Auto               ;
; Safe State Machine                                               ; Off                ; Off                ;
; Extract Verilog State Machines                                   ; On                 ; On                 ;
; Extract VHDL State Machines                                      ; On                 ; On                 ;
; Ignore Verilog initial constructs                                ; Off                ; Off                ;
; Iteration limit for constant Verilog loops                       ; 5000               ; 5000               ;
; Iteration limit for non-constant Verilog loops                   ; 250                ; 250                ;
; Add Pass-Through Logic to Inferred RAMs                          ; On                 ; On                 ;
; Infer RAMs from Raw Logic                                        ; On                 ; On                 ;
; Parallel Synthesis                                               ; On                 ; On                 ;
; DSP Block Balancing                                              ; Auto               ; Auto               ;
; NOT Gate Push-Back                                               ; On                 ; On                 ;
; Power-Up Don't Care                                              ; On                 ; On                 ;
; Remove Redundant Logic Cells                                     ; Off                ; Off                ;
; Remove Duplicate Registers                                       ; On                 ; On                 ;
; Ignore CARRY Buffers                                             ; Off                ; Off                ;
; Ignore CASCADE Buffers                                           ; Off                ; Off                ;
; Ignore GLOBAL Buffers                                            ; Off                ; Off                ;
; Ignore ROW GLOBAL Buffers                                        ; Off                ; Off                ;
; Ignore LCELL Buffers                                             ; Off                ; Off                ;
; Ignore SOFT Buffers                                              ; On                 ; On                 ;
; Limit AHDL Integers to 32 Bits                                   ; Off                ; Off                ;
; Optimization Technique                                           ; Balanced           ; Balanced           ;
; Carry Chain Length                                               ; 70                 ; 70                 ;
; Auto Carry Chains                                                ; On                 ; On                 ;
; Auto Open-Drain Pins                                             ; On                 ; On                 ;
; Perform WYSIWYG Primitive Resynthesis                            ; Off                ; Off                ;
; Auto ROM Replacement                                             ; On                 ; On                 ;
; Auto RAM Replacement                                             ; On                 ; On                 ;
; Auto DSP Block Replacement                                       ; On                 ; On                 ;
; Auto Shift Register Replacement                                  ; Auto               ; Auto               ;
; Allow Shift Register Merging across Hierarchies                  ; Auto               ; Auto               ;
; Auto Clock Enable Replacement                                    ; On                 ; On                 ;
; Strict RAM Replacement                                           ; Off                ; Off                ;
; Allow Synchronous Control Signals                                ; On                 ; On                 ;
; Force Use of Synchronous Clear Signals                           ; Off                ; Off                ;
; Auto RAM Block Balancing                                         ; On                 ; On                 ;
; Auto RAM to Logic Cell Conversion                                ; Off                ; Off                ;
; Auto Resource Sharing                                            ; Off                ; Off                ;
; Allow Any RAM Size For Recognition                               ; Off                ; Off                ;
; Allow Any ROM Size For Recognition                               ; Off                ; Off                ;
; Allow Any Shift Register Size For Recognition                    ; Off                ; Off                ;
; Use LogicLock Constraints during Resource Balancing              ; On                 ; On                 ;
; Ignore translate_off and synthesis_off directives                ; Off                ; Off                ;
; Timing-Driven Synthesis                                          ; On                 ; On                 ;
; Report Parameter Settings                                        ; On                 ; On                 ;
; Report Source Assignments                                        ; On                 ; On                 ;
; Report Connectivity Checks                                       ; On                 ; On                 ;
; Ignore Maximum Fan-Out Assignments                               ; Off                ; Off                ;
; Synchronization Register Chain Length                            ; 2                  ; 2                  ;
; Power Optimization During Synthesis                              ; Normal compilation ; Normal compilation ;
; HDL message level                                                ; Level2             ; Level2             ;
; Suppress Register Optimization Related Messages                  ; Off                ; Off                ;
; Number of Removed Registers Reported in Synthesis Report         ; 5000               ; 5000               ;
; Number of Swept Nodes Reported in Synthesis Report               ; 5000               ; 5000               ;
; Number of Inverted Registers Reported in Synthesis Report        ; 100                ; 100                ;
; Clock MUX Protection                                             ; On                 ; On                 ;
; Auto Gated Clock Conversion                                      ; Off                ; Off                ;
; Block Design Naming                                              ; Auto               ; Auto               ;
; SDC constraint protection                                        ; Off                ; Off                ;
; Synthesis Effort                                                 ; Auto               ; Auto               ;
; Shift Register Replacement - Allow Asynchronous Clear Signal     ; On                 ; On                 ;
; Pre-Mapping Resynthesis Optimization                             ; Off                ; Off                ;
; Analysis & Synthesis Message Level                               ; Medium             ; Medium             ;
; Disable Register Merging Across Hierarchies                      ; Auto               ; Auto               ;
; Resource Aware Inference For Block RAM                           ; On                 ; On                 ;
+------------------------------------------------------------------+--------------------+--------------------+


+------------------------------------------+
; Parallel Compilation                     ;
+----------------------------+-------------+
; Processors                 ; Number      ;
+----------------------------+-------------+
; Number detected on machine ; 8           ;
; Maximum allowed            ; 4           ;
;                            ;             ;
; Average used               ; 1.00        ;
; Maximum used               ; 1           ;
;                            ;             ;
; Usage by Processor         ; % Time Used ;
;     Processor 1            ; 100.0%      ;
+----------------------------+-------------+


+-----------------------------------------------------------------------------------------------------+
; Analysis & Synthesis IP Cores Summary                                                               ;
+--------+--------------+---------+--------------+--------------+-------------------+-----------------+
; Vendor ; IP Core Name ; Version ; Release Date ; License Type ; Entity Instance   ; IP Include File ;
+--------+--------------+---------+--------------+--------------+-------------------+-----------------+
; Altera ; ALTPLL       ; 21.1    ; N/A          ; N/A          ; |accel|ip:ip_inst ; ../ip/ip.v      ;
+--------+--------------+---------+--------------+--------------+-------------------+-----------------+


+---------------------------------------------------------------------------------+
; Parameter Settings for User Entity Instance: ip:ip_inst|altpll:altpll_component ;
+-------------------------------+----------------------+--------------------------+
; Parameter Name                ; Value                ; Type                     ;
+-------------------------------+----------------------+--------------------------+
; OPERATION_MODE                ; NORMAL               ; Untyped                  ;
; PLL_TYPE                      ; AUTO                 ; Untyped                  ;
; LPM_HINT                      ; CBX_MODULE_PREFIX=ip ; Untyped                  ;
; QUALIFY_CONF_DONE             ; OFF                  ; Untyped                  ;
; COMPENSATE_CLOCK              ; CLK0                 ; Untyped                  ;
; SCAN_CHAIN                    ; LONG                 ; Untyped                  ;
; PRIMARY_CLOCK                 ; INCLK0               ; Untyped                  ;
; INCLK0_INPUT_FREQUENCY        ; 20000                ; Signed Integer           ;
; INCLK1_INPUT_FREQUENCY        ; 0                    ; Untyped                  ;
; GATE_LOCK_SIGNAL              ; NO                   ; Untyped                  ;
; GATE_LOCK_COUNTER             ; 0                    ; Untyped                  ;
; LOCK_HIGH                     ; 1                    ; Untyped                  ;
; LOCK_LOW                      ; 1                    ; Untyped                  ;
; VALID_LOCK_MULTIPLIER         ; 1                    ; Untyped                  ;
; INVALID_LOCK_MULTIPLIER       ; 5                    ; Untyped                  ;
; SWITCH_OVER_ON_LOSSCLK        ; OFF                  ; Untyped                  ;
; SWITCH_OVER_ON_GATED_LOCK     ; OFF                  ; Untyped                  ;
; ENABLE_SWITCH_OVER_COUNTER    ; OFF                  ; Untyped                  ;
; SKIP_VCO                      ; OFF                  ; Untyped                  ;
; SWITCH_OVER_COUNTER           ; 0                    ; Untyped                  ;
; SWITCH_OVER_TYPE              ; AUTO                 ; Untyped                  ;
; FEEDBACK_SOURCE               ; EXTCLK0              ; Untyped                  ;
; BANDWIDTH                     ; 0                    ; Untyped                  ;
; BANDWIDTH_TYPE                ; AUTO                 ; Untyped                  ;
; SPREAD_FREQUENCY              ; 0                    ; Untyped                  ;
; DOWN_SPREAD                   ; 0                    ; Untyped                  ;
; SELF_RESET_ON_GATED_LOSS_LOCK ; OFF                  ; Untyped                  ;
; SELF_RESET_ON_LOSS_LOCK       ; OFF                  ; Untyped                  ;
; CLK9_MULTIPLY_BY              ; 0                    ; Untyped                  ;
; CLK8_MULTIPLY_BY              ; 0                    ; Untyped                  ;
; CLK7_MULTIPLY_BY              ; 0                    ; Untyped                  ;
; CLK6_MULTIPLY_BY              ; 0                    ; Untyped                  ;
; CLK5_MULTIPLY_BY              ; 1                    ; Untyped                  ;
; CLK4_MULTIPLY_BY              ; 1                    ; Untyped                  ;
; CLK3_MULTIPLY_BY              ; 1                    ; Untyped                  ;
; CLK2_MULTIPLY_BY              ; 1                    ; Untyped                  ;
; CLK1_MULTIPLY_BY              ; 1                    ; Untyped                  ;
; CLK0_MULTIPLY_BY              ; 2                    ; Signed Integer           ;
; CLK9_DIVIDE_BY                ; 0                    ; Untyped                  ;
; CLK8_DIVIDE_BY                ; 0                    ; Untyped                  ;
; CLK7_DIVIDE_BY                ; 0                    ; Untyped                  ;
; CLK6_DIVIDE_BY                ; 0                    ; Untyped                  ;
; CLK5_DIVIDE_BY                ; 1                    ; Untyped                  ;
; CLK4_DIVIDE_BY                ; 1                    ; Untyped                  ;
; CLK3_DIVIDE_BY                ; 1                    ; Untyped                  ;
; CLK2_DIVIDE_BY                ; 1                    ; Untyped                  ;
; CLK1_DIVIDE_BY                ; 1                    ; Untyped                  ;
; CLK0_DIVIDE_BY                ; 1                    ; Signed Integer           ;
; CLK9_PHASE_SHIFT              ; 0                    ; Untyped                  ;
; CLK8_PHASE_SHIFT              ; 0                    ; Untyped                  ;
; CLK7_PHASE_SHIFT              ; 0                    ; Untyped                  ;
; CLK6_PHASE_SHIFT              ; 0                    ; Untyped                  ;
; CLK5_PHASE_SHIFT              ; 0                    ; Untyped                  ;
; CLK4_PHASE_SHIFT              ; 0                    ; Untyped                  ;
; CLK3_PHASE_SHIFT              ; 0                    ; Untyped                  ;
; CLK2_PHASE_SHIFT              ; 0                    ; Untyped                  ;
; CLK1_PHASE_SHIFT              ; 0                    ; Untyped                  ;
; CLK0_PHASE_SHIFT              ; 0                    ; Untyped                  ;
; CLK5_TIME_DELAY               ; 0                    ; Untyped                  ;
; CLK4_TIME_DELAY               ; 0                    ; Untyped                  ;
; CLK3_TIME_DELAY               ; 0                    ; Untyped                  ;
; CLK2_TIME_DELAY               ; 0                    ; Untyped                  ;
; CLK1_TIME_DELAY               ; 0                    ; Untyped                  ;
; CLK0_TIME_DELAY               ; 0                    ; Untyped                  ;
; CLK9_DUTY_CYCLE               ; 50                   ; Untyped                  ;
; CLK8_DUTY_CYCLE               ; 50                   ; Untyped                  ;
; CLK7_DUTY_CYCLE               ; 50                   ; Untyped                  ;
; CLK6_DUTY_CYCLE               ; 50                   ; Untyped                  ;
; CLK5_DUTY_CYCLE               ; 50                   ; Untyped                  ;
; CLK4_DUTY_CYCLE               ; 50                   ; Untyped                  ;
; CLK3_DUTY_CYCLE               ; 50                   ; Untyped                  ;
; CLK2_DUTY_CYCLE               ; 50                   ; Untyped                  ;
; CLK1_DUTY_CYCLE               ; 50                   ; Untyped                  ;
; CLK0_DUTY_CYCLE               ; 50                   ; Signed Integer           ;
; CLK9_USE_EVEN_COUNTER_MODE    ; OFF                  ; Untyped                  ;
; CLK8_USE_EVEN_COUNTER_MODE    ; OFF                  ; Untyped                  ;
; CLK7_USE_EVEN_COUNTER_MODE    ; OFF                  ; Untyped                  ;
; CLK6_USE_EVEN_COUNTER_MODE    ; OFF                  ; Untyped                  ;
; CLK5_USE_EVEN_COUNTER_MODE    ; OFF                  ; Untyped                  ;
; CLK4_USE_EVEN_COUNTER_MODE    ; OFF                  ; Untyped                  ;
; CLK3_USE_EVEN_COUNTER_MODE    ; OFF                  ; Untyped                  ;
; CLK2_USE_EVEN_COUNTER_MODE    ; OFF                  ; Untyped                  ;
; CLK1_USE_EVEN_COUNTER_MODE    ; OFF                  ; Untyped                  ;
; CLK0_USE_EVEN_COUNTER_MODE    ; OFF                  ; Untyped                  ;
; CLK9_USE_EVEN_COUNTER_VALUE   ; OFF                  ; Untyped                  ;
; CLK8_USE_EVEN_COUNTER_VALUE   ; OFF                  ; Untyped                  ;
; CLK7_USE_EVEN_COUNTER_VALUE   ; OFF                  ; Untyped                  ;
; CLK6_USE_EVEN_COUNTER_VALUE   ; OFF                  ; Untyped                  ;
; CLK5_USE_EVEN_COUNTER_VALUE   ; OFF                  ; Untyped                  ;
; CLK4_USE_EVEN_COUNTER_VALUE   ; OFF                  ; Untyped                  ;
; CLK3_USE_EVEN_COUNTER_VALUE   ; OFF                  ; Untyped                  ;
; CLK2_USE_EVEN_COUNTER_VALUE   ; OFF                  ; Untyped                  ;
; CLK1_USE_EVEN_COUNTER_VALUE   ; OFF                  ; Untyped                  ;
; CLK0_USE_EVEN_COUNTER_VALUE   ; OFF                  ; Untyped                  ;
; LOCK_WINDOW_UI                ;  0.05                ; Untyped                  ;
; LOCK_WINDOW_UI_BITS           ; UNUSED               ; Untyped                  ;
; VCO_RANGE_DETECTOR_LOW_BITS   ; UNUSED               ; Untyped                  ;
; VCO_RANGE_DETECTOR_HIGH_BITS  ; UNUSED               ; Untyped                  ;
; DPA_MULTIPLY_BY               ; 0                    ; Untyped                  ;
; DPA_DIVIDE_BY                 ; 1                    ; Untyped                  ;
; DPA_DIVIDER                   ; 0                    ; Untyped                  ;
; EXTCLK3_MULTIPLY_BY           ; 1                    ; Untyped                  ;
; EXTCLK2_MULTIPLY_BY           ; 1                    ; Untyped                  ;
; EXTCLK1_MULTIPLY_BY           ; 1                    ; Untyped                  ;
; EXTCLK0_MULTIPLY_BY           ; 1                    ; Untyped                  ;
; EXTCLK3_DIVIDE_BY             ; 1                    ; Untyped                  ;
; EXTCLK2_DIVIDE_BY             ; 1                    ; Untyped                  ;
; EXTCLK1_DIVIDE_BY             ; 1                    ; Untyped                  ;
; EXTCLK0_DIVIDE_BY             ; 1                    ; Untyped                  ;
; EXTCLK3_PHASE_SHIFT           ; 0                    ; Untyped                  ;
; EXTCLK2_PHASE_SHIFT           ; 0                    ; Untyped                  ;
; EXTCLK1_PHASE_SHIFT           ; 0                    ; Untyped                  ;
; EXTCLK0_PHASE_SHIFT           ; 0                    ; Untyped                  ;
; EXTCLK3_TIME_DELAY            ; 0                    ; Untyped                  ;
; EXTCLK2_TIME_DELAY            ; 0                    ; Untyped                  ;
; EXTCLK1_TIME_DELAY            ; 0                    ; Untyped                  ;
; EXTCLK0_TIME_DELAY            ; 0                    ; Untyped                  ;
; EXTCLK3_DUTY_CYCLE            ; 50                   ; Untyped                  ;
; EXTCLK2_DUTY_CYCLE            ; 50                   ; Untyped                  ;
; EXTCLK1_DUTY_CYCLE            ; 50                   ; Untyped                  ;
; EXTCLK0_DUTY_CYCLE            ; 50                   ; Untyped                  ;
; VCO_MULTIPLY_BY               ; 0                    ; Untyped                  ;
; VCO_DIVIDE_BY                 ; 0                    ; Untyped                  ;
; SCLKOUT0_PHASE_SHIFT          ; 0                    ; Untyped                  ;
; SCLKOUT1_PHASE_SHIFT          ; 0                    ; Untyped                  ;
; VCO_MIN                       ; 0                    ; Untyped                  ;
; VCO_MAX                       ; 0                    ; Untyped                  ;
; VCO_CENTER                    ; 0                    ; Untyped                  ;
; PFD_MIN                       ; 0                    ; Untyped                  ;
; PFD_MAX                       ; 0                    ; Untyped                  ;
; M_INITIAL                     ; 0                    ; Untyped                  ;
; M                             ; 0                    ; Untyped                  ;
; N                             ; 1                    ; Untyped                  ;
; M2                            ; 1                    ; Untyped                  ;
; N2                            ; 1                    ; Untyped                  ;
; SS                            ; 1                    ; Untyped                  ;
; C0_HIGH                       ; 0                    ; Untyped                  ;
; C1_HIGH                       ; 0                    ; Untyped                  ;
; C2_HIGH                       ; 0                    ; Untyped                  ;
; C3_HIGH                       ; 0                    ; Untyped                  ;
; C4_HIGH                       ; 0                    ; Untyped                  ;
; C5_HIGH                       ; 0                    ; Untyped                  ;
; C6_HIGH                       ; 0                    ; Untyped                  ;
; C7_HIGH                       ; 0                    ; Untyped                  ;
; C8_HIGH                       ; 0                    ; Untyped                  ;
; C9_HIGH                       ; 0                    ; Untyped                  ;
; C0_LOW                        ; 0                    ; Untyped                  ;
; C1_LOW                        ; 0                    ; Untyped                  ;
; C2_LOW                        ; 0                    ; Untyped                  ;
; C3_LOW                        ; 0                    ; Untyped                  ;
; C4_LOW                        ; 0                    ; Untyped                  ;
; C5_LOW                        ; 0                    ; Untyped                  ;
; C6_LOW                        ; 0                    ; Untyped                  ;
; C7_LOW                        ; 0                    ; Untyped                  ;
; C8_LOW                        ; 0                    ; Untyped                  ;
; C9_LOW                        ; 0                    ; Untyped                  ;
; C0_INITIAL                    ; 0                    ; Untyped                  ;
; C1_INITIAL                    ; 0                    ; Untyped                  ;
; C2_INITIAL                    ; 0                    ; Untyped                  ;
; C3_INITIAL                    ; 0                    ; Untyped                  ;
; C4_INITIAL                    ; 0                    ; Untyped                  ;
; C5_INITIAL                    ; 0                    ; Untyped                  ;
; C6_INITIAL                    ; 0                    ; Untyped                  ;
; C7_INITIAL                    ; 0                    ; Untyped                  ;
; C8_INITIAL                    ; 0                    ; Untyped                  ;
; C9_INITIAL                    ; 0                    ; Untyped                  ;
; C0_MODE                       ; BYPASS               ; Untyped                  ;
; C1_MODE                       ; BYPASS               ; Untyped                  ;
; C2_MODE                       ; BYPASS               ; Untyped                  ;
; C3_MODE                       ; BYPASS               ; Untyped                  ;
; C4_MODE                       ; BYPASS               ; Untyped                  ;
; C5_MODE                       ; BYPASS               ; Untyped                  ;
; C6_MODE                       ; BYPASS               ; Untyped                  ;
; C7_MODE                       ; BYPASS               ; Untyped                  ;
; C8_MODE                       ; BYPASS               ; Untyped                  ;
; C9_MODE                       ; BYPASS               ; Untyped                  ;
; C0_PH                         ; 0                    ; Untyped                  ;
; C1_PH                         ; 0                    ; Untyped                  ;
; C2_PH                         ; 0                    ; Untyped                  ;
; C3_PH                         ; 0                    ; Untyped                  ;
; C4_PH                         ; 0                    ; Untyped                  ;
; C5_PH                         ; 0                    ; Untyped                  ;
; C6_PH                         ; 0                    ; Untyped                  ;
; C7_PH                         ; 0                    ; Untyped                  ;
; C8_PH                         ; 0                    ; Untyped                  ;
; C9_PH                         ; 0                    ; Untyped                  ;
; L0_HIGH                       ; 1                    ; Untyped                  ;
; L1_HIGH                       ; 1                    ; Untyped                  ;
; G0_HIGH                       ; 1                    ; Untyped                  ;
; G1_HIGH                       ; 1                    ; Untyped                  ;
; G2_HIGH                       ; 1                    ; Untyped                  ;
; G3_HIGH                       ; 1                    ; Untyped                  ;
; E0_HIGH                       ; 1                    ; Untyped                  ;
; E1_HIGH                       ; 1                    ; Untyped                  ;
; E2_HIGH                       ; 1                    ; Untyped                  ;
; E3_HIGH                       ; 1                    ; Untyped                  ;
; L0_LOW                        ; 1                    ; Untyped                  ;
; L1_LOW                        ; 1                    ; Untyped                  ;
; G0_LOW                        ; 1                    ; Untyped                  ;
; G1_LOW                        ; 1                    ; Untyped                  ;
; G2_LOW                        ; 1                    ; Untyped                  ;
; G3_LOW                        ; 1                    ; Untyped                  ;
; E0_LOW                        ; 1                    ; Untyped                  ;
; E1_LOW                        ; 1                    ; Untyped                  ;
; E2_LOW                        ; 1                    ; Untyped                  ;
; E3_LOW                        ; 1                    ; Untyped                  ;
; L0_INITIAL                    ; 1                    ; Untyped                  ;
; L1_INITIAL                    ; 1                    ; Untyped                  ;
; G0_INITIAL                    ; 1                    ; Untyped                  ;
; G1_INITIAL                    ; 1                    ; Untyped                  ;
; G2_INITIAL                    ; 1                    ; Untyped                  ;
; G3_INITIAL                    ; 1                    ; Untyped                  ;
; E0_INITIAL                    ; 1                    ; Untyped                  ;
; E1_INITIAL                    ; 1                    ; Untyped                  ;
; E2_INITIAL                    ; 1                    ; Untyped                  ;
; E3_INITIAL                    ; 1                    ; Untyped                  ;
; L0_MODE                       ; BYPASS               ; Untyped                  ;
; L1_MODE                       ; BYPASS               ; Untyped                  ;
; G0_MODE                       ; BYPASS               ; Untyped                  ;
; G1_MODE                       ; BYPASS               ; Untyped                  ;
; G2_MODE                       ; BYPASS               ; Untyped                  ;
; G3_MODE                       ; BYPASS               ; Untyped                  ;
; E0_MODE                       ; BYPASS               ; Untyped                  ;
; E1_MODE                       ; BYPASS               ; Untyped                  ;
; E2_MODE                       ; BYPASS               ; Untyped                  ;
; E3_MODE                       ; BYPASS               ; Untyped                  ;
; L0_PH                         ; 0                    ; Untyped                  ;
; L1_PH                         ; 0                    ; Untyped                  ;
; G0_PH                         ; 0                    ; Untyped                  ;
; G1_PH                         ; 0                    ; Untyped                  ;
; G2_PH                         ; 0                    ; Untyped                  ;
; G3_PH                         ; 0                    ; Untyped                  ;
; E0_PH                         ; 0                    ; Untyped                  ;
; E1_PH                         ; 0                    ; Untyped                  ;
; E2_PH                         ; 0                    ; Untyped                  ;
; E3_PH                         ; 0                    ; Untyped                  ;
; M_PH                          ; 0                    ; Untyped                  ;
; C1_USE_CASC_IN                ; OFF                  ; Untyped                  ;
; C2_USE_CASC_IN                ; OFF                  ; Untyped                  ;
; C3_USE_CASC_IN                ; OFF                  ; Untyped                  ;
; C4_USE_CASC_IN                ; OFF                  ; Untyped                  ;
; C5_USE_CASC_IN                ; OFF                  ; Untyped                  ;
; C6_USE_CASC_IN                ; OFF                  ; Untyped                  ;
; C7_USE_CASC_IN                ; OFF                  ; Untyped                  ;
; C8_USE_CASC_IN                ; OFF                  ; Untyped                  ;
; C9_USE_CASC_IN                ; OFF                  ; Untyped                  ;
; CLK0_COUNTER                  ; G0                   ; Untyped                  ;
; CLK1_COUNTER                  ; G0                   ; Untyped                  ;
; CLK2_COUNTER                  ; G0                   ; Untyped                  ;
; CLK3_COUNTER                  ; G0                   ; Untyped                  ;
; CLK4_COUNTER                  ; G0                   ; Untyped                  ;
; CLK5_COUNTER                  ; G0                   ; Untyped                  ;
; CLK6_COUNTER                  ; E0                   ; Untyped                  ;
; CLK7_COUNTER                  ; E1                   ; Untyped                  ;
; CLK8_COUNTER                  ; E2                   ; Untyped                  ;
; CLK9_COUNTER                  ; E3                   ; Untyped                  ;
; L0_TIME_DELAY                 ; 0                    ; Untyped                  ;
; L1_TIME_DELAY                 ; 0                    ; Untyped                  ;
; G0_TIME_DELAY                 ; 0                    ; Untyped                  ;
; G1_TIME_DELAY                 ; 0                    ; Untyped                  ;
; G2_TIME_DELAY                 ; 0                    ; Untyped                  ;
; G3_TIME_DELAY                 ; 0                    ; Untyped                  ;
; E0_TIME_DELAY                 ; 0                    ; Untyped                  ;
; E1_TIME_DELAY                 ; 0                    ; Untyped                  ;
; E2_TIME_DELAY                 ; 0                    ; Untyped                  ;
; E3_TIME_DELAY                 ; 0                    ; Untyped                  ;
; M_TIME_DELAY                  ; 0                    ; Untyped                  ;
; N_TIME_DELAY                  ; 0                    ; Untyped                  ;
; EXTCLK3_COUNTER               ; E3                   ; Untyped                  ;
; EXTCLK2_COUNTER               ; E2                   ; Untyped                  ;
; EXTCLK1_COUNTER               ; E1                   ; Untyped                  ;
; EXTCLK0_COUNTER               ; E0                   ; Untyped                  ;
; ENABLE0_COUNTER               ; L0                   ; Untyped                  ;
; ENABLE1_COUNTER               ; L0                   ; Untyped                  ;
; CHARGE_PUMP_CURRENT           ; 2                    ; Untyped                  ;
; LOOP_FILTER_R                 ;  1.000000            ; Untyped                  ;
; LOOP_FILTER_C                 ; 5                    ; Untyped                  ;
; CHARGE_PUMP_CURRENT_BITS      ; 9999                 ; Untyped                  ;
; LOOP_FILTER_R_BITS            ; 9999                 ; Untyped                  ;
; LOOP_FILTER_C_BITS            ; 9999                 ; Untyped                  ;
; VCO_POST_SCALE                ; 0                    ; Untyped                  ;
; CLK2_OUTPUT_FREQUENCY         ; 0                    ; Untyped                  ;
; CLK1_OUTPUT_FREQUENCY         ; 0                    ; Untyped                  ;
; CLK0_OUTPUT_FREQUENCY         ; 0                    ; Untyped                  ;
; INTENDED_DEVICE_FAMILY        ; MAX 10               ; Untyped                  ;
; PORT_CLKENA0                  ; PORT_UNUSED          ; Untyped                  ;
; PORT_CLKENA1                  ; PORT_UNUSED          ; Untyped                  ;
; PORT_CLKENA2                  ; PORT_UNUSED          ; Untyped                  ;
; PORT_CLKENA3                  ; PORT_UNUSED          ; Untyped                  ;
; PORT_CLKENA4                  ; PORT_UNUSED          ; Untyped                  ;
; PORT_CLKENA5                  ; PORT_UNUSED          ; Untyped                  ;
; PORT_EXTCLKENA0               ; PORT_CONNECTIVITY    ; Untyped                  ;
; PORT_EXTCLKENA1               ; PORT_CONNECTIVITY    ; Untyped                  ;
; PORT_EXTCLKENA2               ; PORT_CONNECTIVITY    ; Untyped                  ;
; PORT_EXTCLKENA3               ; PORT_CONNECTIVITY    ; Untyped                  ;
; PORT_EXTCLK0                  ; PORT_UNUSED          ; Untyped                  ;
; PORT_EXTCLK1                  ; PORT_UNUSED          ; Untyped                  ;
; PORT_EXTCLK2                  ; PORT_UNUSED          ; Untyped                  ;
; PORT_EXTCLK3                  ; PORT_UNUSED          ; Untyped                  ;
; PORT_CLKBAD0                  ; PORT_UNUSED          ; Untyped                  ;
; PORT_CLKBAD1                  ; PORT_UNUSED          ; Untyped                  ;
; PORT_CLK0                     ; PORT_USED            ; Untyped                  ;
; PORT_CLK1                     ; PORT_UNUSED          ; Untyped                  ;
; PORT_CLK2                     ; PORT_UNUSED          ; Untyped                  ;
; PORT_CLK3                     ; PORT_UNUSED          ; Untyped                  ;
; PORT_CLK4                     ; PORT_UNUSED          ; Untyped                  ;
; PORT_CLK5                     ; PORT_UNUSED          ; Untyped                  ;
; PORT_CLK6                     ; PORT_UNUSED          ; Untyped                  ;
; PORT_CLK7                     ; PORT_UNUSED          ; Untyped                  ;
; PORT_CLK8                     ; PORT_UNUSED          ; Untyped                  ;
; PORT_CLK9                     ; PORT_UNUSED          ; Untyped                  ;
; PORT_SCANDATA                 ; PORT_UNUSED          ; Untyped                  ;
; PORT_SCANDATAOUT              ; PORT_UNUSED          ; Untyped                  ;
; PORT_SCANDONE                 ; PORT_UNUSED          ; Untyped                  ;
; PORT_SCLKOUT1                 ; PORT_CONNECTIVITY    ; Untyped                  ;
; PORT_SCLKOUT0                 ; PORT_CONNECTIVITY    ; Untyped                  ;
; PORT_ACTIVECLOCK              ; PORT_UNUSED          ; Untyped                  ;
; PORT_CLKLOSS                  ; PORT_UNUSED          ; Untyped                  ;
; PORT_INCLK1                   ; PORT_UNUSED          ; Untyped                  ;
; PORT_INCLK0                   ; PORT_USED            ; Untyped                  ;
; PORT_FBIN                     ; PORT_UNUSED          ; Untyped                  ;
; PORT_PLLENA                   ; PORT_UNUSED          ; Untyped                  ;
; PORT_CLKSWITCH                ; PORT_UNUSED          ; Untyped                  ;
; PORT_ARESET                   ; PORT_UNUSED          ; Untyped                  ;
; PORT_PFDENA                   ; PORT_UNUSED          ; Untyped                  ;
; PORT_SCANCLK                  ; PORT_UNUSED          ; Untyped                  ;
; PORT_SCANACLR                 ; PORT_UNUSED          ; Untyped                  ;
; PORT_SCANREAD                 ; PORT_UNUSED          ; Untyped                  ;
; PORT_SCANWRITE                ; PORT_UNUSED          ; Untyped                  ;
; PORT_ENABLE0                  ; PORT_CONNECTIVITY    ; Untyped                  ;
; PORT_ENABLE1                  ; PORT_CONNECTIVITY    ; Untyped                  ;
; PORT_LOCKED                   ; PORT_UNUSED          ; Untyped                  ;
; PORT_CONFIGUPDATE             ; PORT_UNUSED          ; Untyped                  ;
; PORT_FBOUT                    ; PORT_CONNECTIVITY    ; Untyped                  ;
; PORT_PHASEDONE                ; PORT_UNUSED          ; Untyped                  ;
; PORT_PHASESTEP                ; PORT_UNUSED          ; Untyped                  ;
; PORT_PHASEUPDOWN              ; PORT_UNUSED          ; Untyped                  ;
; PORT_SCANCLKENA               ; PORT_UNUSED          ; Untyped                  ;
; PORT_PHASECOUNTERSELECT       ; PORT_UNUSED          ; Untyped                  ;
; PORT_VCOOVERRANGE             ; PORT_CONNECTIVITY    ; Untyped                  ;
; PORT_VCOUNDERRANGE            ; PORT_CONNECTIVITY    ; Untyped                  ;
; M_TEST_SOURCE                 ; 5                    ; Untyped                  ;
; C0_TEST_SOURCE                ; 5                    ; Untyped                  ;
; C1_TEST_SOURCE                ; 5                    ; Untyped                  ;
; C2_TEST_SOURCE                ; 5                    ; Untyped                  ;
; C3_TEST_SOURCE                ; 5                    ; Untyped                  ;
; C4_TEST_SOURCE                ; 5                    ; Untyped                  ;
; C5_TEST_SOURCE                ; 5                    ; Untyped                  ;
; C6_TEST_SOURCE                ; 5                    ; Untyped                  ;
; C7_TEST_SOURCE                ; 5                    ; Untyped                  ;
; C8_TEST_SOURCE                ; 5                    ; Untyped                  ;
; C9_TEST_SOURCE                ; 5                    ; Untyped                  ;
; CBXI_PARAMETER                ; ip_altpll            ; Untyped                  ;
; VCO_FREQUENCY_CONTROL         ; AUTO                 ; Untyped                  ;
; VCO_PHASE_SHIFT_STEP          ; 0                    ; Untyped                  ;
; WIDTH_CLOCK                   ; 5                    ; Signed Integer           ;
; WIDTH_PHASECOUNTERSELECT      ; 4                    ; Untyped                  ;
; USING_FBMIMICBIDIR_PORT       ; OFF                  ; Untyped                  ;
; DEVICE_FAMILY                 ; MAX 10               ; Untyped                  ;
; SCAN_CHAIN_MIF_FILE           ; UNUSED               ; Untyped                  ;
; SIM_GATE_LOCK_DEVICE_BEHAVIOR ; OFF                  ; Untyped                  ;
; AUTO_CARRY_CHAINS             ; ON                   ; AUTO_CARRY               ;
; IGNORE_CARRY_BUFFERS          ; OFF                  ; IGNORE_CARRY             ;
; AUTO_CASCADE_CHAINS           ; ON                   ; AUTO_CASCADE             ;
; IGNORE_CASCADE_BUFFERS        ; OFF                  ; IGNORE_CASCADE           ;
+-------------------------------+----------------------+--------------------------+
Note: In order to hide this table in the UI and the text report file, please set the "Show Parameter Settings in Synthesis Report" option in "Analysis and Synthesis Settings -> More Settings" to "Off".


+-------------------------------------------------------------------+
; Parameter Settings for User Entity Instance: spi_control:spi_ctrl ;
+----------------+-------+------------------------------------------+
; Parameter Name ; Value ; Type                                     ;
+----------------+-------+------------------------------------------+
; SPI_CLK_FREQ   ; 200   ; Signed Integer                           ;
; UPDATE_FREQ    ; 1     ; Signed Integer                           ;
+----------------+-------+------------------------------------------+
Note: In order to hide this table in the UI and the text report file, please set the "Show Parameter Settings in Synthesis Report" option in "Analysis and Synthesis Settings -> More Settings" to "Off".


+------------------------------------------------------+
; Parameter Settings for User Entity Instance: seg7:s0 ;
+----------------+---------+---------------------------+
; Parameter Name ; Value   ; Type                      ;
+----------------+---------+---------------------------+
; ZERO           ; 0000001 ; Unsigned Binary           ;
; ONE            ; 1001111 ; Unsigned Binary           ;
; TWO            ; 0010010 ; Unsigned Binary           ;
; THREE          ; 0000110 ; Unsigned Binary           ;
; FOUR           ; 1001100 ; Unsigned Binary           ;
; FIVE           ; 0100100 ; Unsigned Binary           ;
; SIX            ; 0100000 ; Unsigned Binary           ;
; SEVEN          ; 0001111 ; Unsigned Binary           ;
; EIGHT          ; 0000000 ; Unsigned Binary           ;
; NINE           ; 0000100 ; Unsigned Binary           ;
; A              ; 0001000 ; Unsigned Binary           ;
; B              ; 1100000 ; Unsigned Binary           ;
; C              ; 0110001 ; Unsigned Binary           ;
; D              ; 1000010 ; Unsigned Binary           ;
; E              ; 0110000 ; Unsigned Binary           ;
; F              ; 0111000 ; Unsigned Binary           ;
+----------------+---------+---------------------------+
Note: In order to hide this table in the UI and the text report file, please set the "Show Parameter Settings in Synthesis Report" option in "Analysis and Synthesis Settings -> More Settings" to "Off".


+------------------------------------------------------+
; Parameter Settings for User Entity Instance: seg7:s1 ;
+----------------+---------+---------------------------+
; Parameter Name ; Value   ; Type                      ;
+----------------+---------+---------------------------+
; ZERO           ; 0000001 ; Unsigned Binary           ;
; ONE            ; 1001111 ; Unsigned Binary           ;
; TWO            ; 0010010 ; Unsigned Binary           ;
; THREE          ; 0000110 ; Unsigned Binary           ;
; FOUR           ; 1001100 ; Unsigned Binary           ;
; FIVE           ; 0100100 ; Unsigned Binary           ;
; SIX            ; 0100000 ; Unsigned Binary           ;
; SEVEN          ; 0001111 ; Unsigned Binary           ;
; EIGHT          ; 0000000 ; Unsigned Binary           ;
; NINE           ; 0000100 ; Unsigned Binary           ;
; A              ; 0001000 ; Unsigned Binary           ;
; B              ; 1100000 ; Unsigned Binary           ;
; C              ; 0110001 ; Unsigned Binary           ;
; D              ; 1000010 ; Unsigned Binary           ;
; E              ; 0110000 ; Unsigned Binary           ;
; F              ; 0111000 ; Unsigned Binary           ;
+----------------+---------+---------------------------+
Note: In order to hide this table in the UI and the text report file, please set the "Show Parameter Settings in Synthesis Report" option in "Analysis and Synthesis Settings -> More Settings" to "Off".


+------------------------------------------------------+
; Parameter Settings for User Entity Instance: seg7:s2 ;
+----------------+---------+---------------------------+
; Parameter Name ; Value   ; Type                      ;
+----------------+---------+---------------------------+
; ZERO           ; 0000001 ; Unsigned Binary           ;
; ONE            ; 1001111 ; Unsigned Binary           ;
; TWO            ; 0010010 ; Unsigned Binary           ;
; THREE          ; 0000110 ; Unsigned Binary           ;
; FOUR           ; 1001100 ; Unsigned Binary           ;
; FIVE           ; 0100100 ; Unsigned Binary           ;
; SIX            ; 0100000 ; Unsigned Binary           ;
; SEVEN          ; 0001111 ; Unsigned Binary           ;
; EIGHT          ; 0000000 ; Unsigned Binary           ;
; NINE           ; 0000100 ; Unsigned Binary           ;
; A              ; 0001000 ; Unsigned Binary           ;
; B              ; 1100000 ; Unsigned Binary           ;
; C              ; 0110001 ; Unsigned Binary           ;
; D              ; 1000010 ; Unsigned Binary           ;
; E              ; 0110000 ; Unsigned Binary           ;
; F              ; 0111000 ; Unsigned Binary           ;
+----------------+---------+---------------------------+
Note: In order to hide this table in the UI and the text report file, please set the "Show Parameter Settings in Synthesis Report" option in "Analysis and Synthesis Settings -> More Settings" to "Off".


+------------------------------------------------------+
; Parameter Settings for User Entity Instance: seg7:s3 ;
+----------------+---------+---------------------------+
; Parameter Name ; Value   ; Type                      ;
+----------------+---------+---------------------------+
; ZERO           ; 0000001 ; Unsigned Binary           ;
; ONE            ; 1001111 ; Unsigned Binary           ;
; TWO            ; 0010010 ; Unsigned Binary           ;
; THREE          ; 0000110 ; Unsigned Binary           ;
; FOUR           ; 1001100 ; Unsigned Binary           ;
; FIVE           ; 0100100 ; Unsigned Binary           ;
; SIX            ; 0100000 ; Unsigned Binary           ;
; SEVEN          ; 0001111 ; Unsigned Binary           ;
; EIGHT          ; 0000000 ; Unsigned Binary           ;
; NINE           ; 0000100 ; Unsigned Binary           ;
; A              ; 0001000 ; Unsigned Binary           ;
; B              ; 1100000 ; Unsigned Binary           ;
; C              ; 0110001 ; Unsigned Binary           ;
; D              ; 1000010 ; Unsigned Binary           ;
; E              ; 0110000 ; Unsigned Binary           ;
; F              ; 0111000 ; Unsigned Binary           ;
+----------------+---------+---------------------------+
Note: In order to hide this table in the UI and the text report file, please set the "Show Parameter Settings in Synthesis Report" option in "Analysis and Synthesis Settings -> More Settings" to "Off".


+------------------------------------------------------+
; Parameter Settings for User Entity Instance: seg7:s4 ;
+----------------+---------+---------------------------+
; Parameter Name ; Value   ; Type                      ;
+----------------+---------+---------------------------+
; ZERO           ; 0000001 ; Unsigned Binary           ;
; ONE            ; 1001111 ; Unsigned Binary           ;
; TWO            ; 0010010 ; Unsigned Binary           ;
; THREE          ; 0000110 ; Unsigned Binary           ;
; FOUR           ; 1001100 ; Unsigned Binary           ;
; FIVE           ; 0100100 ; Unsigned Binary           ;
; SIX            ; 0100000 ; Unsigned Binary           ;
; SEVEN          ; 0001111 ; Unsigned Binary           ;
; EIGHT          ; 0000000 ; Unsigned Binary           ;
; NINE           ; 0000100 ; Unsigned Binary           ;
; A              ; 0001000 ; Unsigned Binary           ;
; B              ; 1100000 ; Unsigned Binary           ;
; C              ; 0110001 ; Unsigned Binary           ;
; D              ; 1000010 ; Unsigned Binary           ;
; E              ; 0110000 ; Unsigned Binary           ;
; F              ; 0111000 ; Unsigned Binary           ;
+----------------+---------+---------------------------+
Note: In order to hide this table in the UI and the text report file, please set the "Show Parameter Settings in Synthesis Report" option in "Analysis and Synthesis Settings -> More Settings" to "Off".


+------------------------------------------------------+
; Parameter Settings for User Entity Instance: seg7:s5 ;
+----------------+---------+---------------------------+
; Parameter Name ; Value   ; Type                      ;
+----------------+---------+---------------------------+
; ZERO           ; 0000001 ; Unsigned Binary           ;
; ONE            ; 1001111 ; Unsigned Binary           ;
; TWO            ; 0010010 ; Unsigned Binary           ;
; THREE          ; 0000110 ; Unsigned Binary           ;
; FOUR           ; 1001100 ; Unsigned Binary           ;
; FIVE           ; 0100100 ; Unsigned Binary           ;
; SIX            ; 0100000 ; Unsigned Binary           ;
; SEVEN          ; 0001111 ; Unsigned Binary           ;
; EIGHT          ; 0000000 ; Unsigned Binary           ;
; NINE           ; 0000100 ; Unsigned Binary           ;
; A              ; 0001000 ; Unsigned Binary           ;
; B              ; 1100000 ; Unsigned Binary           ;
; C              ; 0110001 ; Unsigned Binary           ;
; D              ; 1000010 ; Unsigned Binary           ;
; E              ; 0110000 ; Unsigned Binary           ;
; F              ; 0111000 ; Unsigned Binary           ;
+----------------+---------+---------------------------+
Note: In order to hide this table in the UI and the text report file, please set the "Show Parameter Settings in Synthesis Report" option in "Analysis and Synthesis Settings -> More Settings" to "Off".


+-------------------------------------------------------------------------------------------------------------------------------------------------------------------------------------+
; Port Connectivity Checks: "seg7:s5"                                                                                                                                                 ;
+---------+---------+------------------+----------------------------------------------------------------------------------------------------------------------------------------------+
; Port    ; Type    ; Severity         ; Details                                                                                                                                      ;
+---------+---------+------------------+----------------------------------------------------------------------------------------------------------------------------------------------+
; in      ; Unknown ; Critical Warning ; Named port was not declared by the instantiated entity                                                                                       ;
; display ; Unknown ; Critical Warning ; Named port was not declared by the instantiated entity                                                                                       ;
; hex     ; Input   ; Warning          ; Declared by entity but not connected by instance. If a default value exists, it will be used.  Otherwise, the port will be connected to GND. ;
; seg     ; Output  ; Warning          ; Declared by entity but not connected by instance. Logic that only feeds a dangling port will be removed.                                     ;
+---------+---------+------------------+----------------------------------------------------------------------------------------------------------------------------------------------+


+-------------------------------------------------------------------------------------------------------------------------------------------------------------------------------------+
; Port Connectivity Checks: "seg7:s4"                                                                                                                                                 ;
+---------+---------+------------------+----------------------------------------------------------------------------------------------------------------------------------------------+
; Port    ; Type    ; Severity         ; Details                                                                                                                                      ;
+---------+---------+------------------+----------------------------------------------------------------------------------------------------------------------------------------------+
; in      ; Unknown ; Critical Warning ; Named port was not declared by the instantiated entity                                                                                       ;
; display ; Unknown ; Critical Warning ; Named port was not declared by the instantiated entity                                                                                       ;
; hex     ; Input   ; Warning          ; Declared by entity but not connected by instance. If a default value exists, it will be used.  Otherwise, the port will be connected to GND. ;
; seg     ; Output  ; Warning          ; Declared by entity but not connected by instance. Logic that only feeds a dangling port will be removed.                                     ;
+---------+---------+------------------+----------------------------------------------------------------------------------------------------------------------------------------------+


+-------------------------------------------------------------------------------------------------------------------------------------------------------------------------------------+
; Port Connectivity Checks: "seg7:s3"                                                                                                                                                 ;
+---------+---------+------------------+----------------------------------------------------------------------------------------------------------------------------------------------+
; Port    ; Type    ; Severity         ; Details                                                                                                                                      ;
+---------+---------+------------------+----------------------------------------------------------------------------------------------------------------------------------------------+
; in      ; Unknown ; Critical Warning ; Named port was not declared by the instantiated entity                                                                                       ;
; display ; Unknown ; Critical Warning ; Named port was not declared by the instantiated entity                                                                                       ;
; hex     ; Input   ; Warning          ; Declared by entity but not connected by instance. If a default value exists, it will be used.  Otherwise, the port will be connected to GND. ;
; seg     ; Output  ; Warning          ; Declared by entity but not connected by instance. Logic that only feeds a dangling port will be removed.                                     ;
+---------+---------+------------------+----------------------------------------------------------------------------------------------------------------------------------------------+


+-------------------------------------------------------------------------------------------------------------------------------------------------------------------------------------+
; Port Connectivity Checks: "seg7:s2"                                                                                                                                                 ;
+---------+---------+------------------+----------------------------------------------------------------------------------------------------------------------------------------------+
; Port    ; Type    ; Severity         ; Details                                                                                                                                      ;
+---------+---------+------------------+----------------------------------------------------------------------------------------------------------------------------------------------+
; in      ; Unknown ; Critical Warning ; Named port was not declared by the instantiated entity                                                                                       ;
; display ; Unknown ; Critical Warning ; Named port was not declared by the instantiated entity                                                                                       ;
; hex     ; Input   ; Warning          ; Declared by entity but not connected by instance. If a default value exists, it will be used.  Otherwise, the port will be connected to GND. ;
; seg     ; Output  ; Warning          ; Declared by entity but not connected by instance. Logic that only feeds a dangling port will be removed.                                     ;
+---------+---------+------------------+----------------------------------------------------------------------------------------------------------------------------------------------+


+-------------------------------------------------------------------------------------------------------------------------------------------------------------------------------------+
; Port Connectivity Checks: "seg7:s1"                                                                                                                                                 ;
+---------+---------+------------------+----------------------------------------------------------------------------------------------------------------------------------------------+
; Port    ; Type    ; Severity         ; Details                                                                                                                                      ;
+---------+---------+------------------+----------------------------------------------------------------------------------------------------------------------------------------------+
; in      ; Unknown ; Critical Warning ; Named port was not declared by the instantiated entity                                                                                       ;
; display ; Unknown ; Critical Warning ; Named port was not declared by the instantiated entity                                                                                       ;
; hex     ; Input   ; Warning          ; Declared by entity but not connected by instance. If a default value exists, it will be used.  Otherwise, the port will be connected to GND. ;
; seg     ; Output  ; Warning          ; Declared by entity but not connected by instance. Logic that only feeds a dangling port will be removed.                                     ;
+---------+---------+------------------+----------------------------------------------------------------------------------------------------------------------------------------------+


+-------------------------------------------------------------------------------------------------------------------------------------------------------------------------------------+
; Port Connectivity Checks: "seg7:s0"                                                                                                                                                 ;
+---------+---------+------------------+----------------------------------------------------------------------------------------------------------------------------------------------+
; Port    ; Type    ; Severity         ; Details                                                                                                                                      ;
+---------+---------+------------------+----------------------------------------------------------------------------------------------------------------------------------------------+
; in      ; Unknown ; Critical Warning ; Named port was not declared by the instantiated entity                                                                                       ;
; display ; Unknown ; Critical Warning ; Named port was not declared by the instantiated entity                                                                                       ;
; hex     ; Input   ; Warning          ; Declared by entity but not connected by instance. If a default value exists, it will be used.  Otherwise, the port will be connected to GND. ;
; seg     ; Output  ; Warning          ; Declared by entity but not connected by instance. Logic that only feeds a dangling port will be removed.                                     ;
+---------+---------+------------------+----------------------------------------------------------------------------------------------------------------------------------------------+


+-----------------------------------------------------------------------------------------------------------------------+
; Port Connectivity Checks: "spi_control:spi_ctrl"                                                                      ;
+-------------+--------+----------+-------------------------------------------------------------------------------------+
; Port        ; Type   ; Severity ; Details                                                                             ;
+-------------+--------+----------+-------------------------------------------------------------------------------------+
; data_update ; Output ; Info     ; Connected to dangling logic. Logic that only feeds a dangling port will be removed. ;
; data_y      ; Output ; Info     ; Connected to dangling logic. Logic that only feeds a dangling port will be removed. ;
+-------------+--------+----------+-------------------------------------------------------------------------------------+


+--------------------------------------------------------------------------------------------+
; Port Connectivity Checks: "ip:ip_inst"                                                     ;
+------+---------+------------------+--------------------------------------------------------+
; Port ; Type    ; Severity         ; Details                                                ;
+------+---------+------------------+--------------------------------------------------------+
; c1   ; Unknown ; Critical Warning ; Named port was not declared by the instantiated entity ;
; c2   ; Unknown ; Critical Warning ; Named port was not declared by the instantiated entity ;
+------+---------+------------------+--------------------------------------------------------+


+-------------------------------+
; Analysis & Synthesis Messages ;
+-------------------------------+
Info: *******************************************************************
Info: Running Quartus Prime Analysis & Synthesis
    Info: Version 21.1.0 Build 842 10/21/2021 SJ Lite Edition
    Info: Processing started: Mon Mar 11 02:40:50 2024
Info: Command: quartus_map --read_settings_files=on --write_settings_files=off accel -c accel
Warning (18236): Number of processors has not been specified which may cause overloading on shared machines.  Set the global assignment NUM_PARALLEL_PROCESSORS in your QSF to an appropriate value for best performance.
Info (20030): Parallel compilation is enabled and will use 4 of the 4 processors detected
Info (12021): Found 1 design units, including 1 entities, in source file /users/lolon/onedrive/epfl/semester_project/shared_folder/lolo/uc_davis/gsensor/hdl/spi_serdes.v
    Info (12023): Found entity 1: spi_serdes File: C:/Users/lolon/OneDrive/EPFL/Semester_Project/Shared_Folder/Lolo/UC_Davis/gsensor/hdl/spi_serdes.v Line: 1
Info (12021): Found 1 design units, including 1 entities, in source file /users/lolon/onedrive/epfl/semester_project/shared_folder/lolo/uc_davis/gsensor/hdl/spi_control.v
    Info (12023): Found entity 1: spi_control File: C:/Users/lolon/OneDrive/EPFL/Semester_Project/Shared_Folder/Lolo/UC_Davis/gsensor/hdl/spi_control.v Line: 1
Info (12021): Found 1 design units, including 1 entities, in source file /users/lolon/onedrive/epfl/semester_project/shared_folder/lolo/uc_davis/gsensor/hdl/accel.v
    Info (12023): Found entity 1: accel File: C:/Users/lolon/OneDrive/EPFL/Semester_Project/Shared_Folder/Lolo/UC_Davis/gsensor/hdl/accel.v Line: 10
Info (12021): Found 1 design units, including 1 entities, in source file /users/lolon/onedrive/epfl/semester_project/shared_folder/lolo/uc_davis/gsensor/ip/ip.v
    Info (12023): Found entity 1: ip File: C:/Users/lolon/OneDrive/EPFL/Semester_Project/Shared_Folder/Lolo/UC_Davis/gsensor/ip/ip.v Line: 40
Info (12021): Found 1 design units, including 1 entities, in source file /users/lolon/onedrive/epfl/semester_project/shared_folder/lolo/uc_davis/gsensor/hdl/seg7.v
    Info (12023): Found entity 1: seg7 File: C:/Users/lolon/OneDrive/EPFL/Semester_Project/Shared_Folder/Lolo/UC_Davis/gsensor/hdl/seg7.v Line: 1
Info (12127): Elaborating entity "accel" for the top level hierarchy
Info (12128): Elaborating entity "ip" for hierarchy "ip:ip_inst" File: C:/Users/lolon/OneDrive/EPFL/Semester_Project/Shared_Folder/Lolo/UC_Davis/gsensor/hdl/accel.v Line: 60
Info (12128): Elaborating entity "altpll" for hierarchy "ip:ip_inst|altpll:altpll_component" File: C:/Users/lolon/OneDrive/EPFL/Semester_Project/Shared_Folder/Lolo/UC_Davis/gsensor/ip/ip.v Line: 91
Info (12130): Elaborated megafunction instantiation "ip:ip_inst|altpll:altpll_component" File: C:/Users/lolon/OneDrive/EPFL/Semester_Project/Shared_Folder/Lolo/UC_Davis/gsensor/ip/ip.v Line: 91
Info (12133): Instantiated megafunction "ip:ip_inst|altpll:altpll_component" with the following parameter: File: C:/Users/lolon/OneDrive/EPFL/Semester_Project/Shared_Folder/Lolo/UC_Davis/gsensor/ip/ip.v Line: 91
    Info (12134): Parameter "bandwidth_type" = "AUTO"
    Info (12134): Parameter "clk0_divide_by" = "1"
    Info (12134): Parameter "clk0_duty_cycle" = "50"
    Info (12134): Parameter "clk0_multiply_by" = "2"
    Info (12134): Parameter "clk0_phase_shift" = "0"
    Info (12134): Parameter "compensate_clock" = "CLK0"
    Info (12134): Parameter "inclk0_input_frequency" = "20000"
    Info (12134): Parameter "intended_device_family" = "MAX 10"
    Info (12134): Parameter "lpm_hint" = "CBX_MODULE_PREFIX=ip"
    Info (12134): Parameter "lpm_type" = "altpll"
    Info (12134): Parameter "operation_mode" = "NORMAL"
    Info (12134): Parameter "pll_type" = "AUTO"
    Info (12134): Parameter "port_activeclock" = "PORT_UNUSED"
    Info (12134): Parameter "port_areset" = "PORT_UNUSED"
    Info (12134): Parameter "port_clkbad0" = "PORT_UNUSED"
    Info (12134): Parameter "port_clkbad1" = "PORT_UNUSED"
    Info (12134): Parameter "port_clkloss" = "PORT_UNUSED"
    Info (12134): Parameter "port_clkswitch" = "PORT_UNUSED"
    Info (12134): Parameter "port_configupdate" = "PORT_UNUSED"
    Info (12134): Parameter "port_fbin" = "PORT_UNUSED"
    Info (12134): Parameter "port_inclk0" = "PORT_USED"
    Info (12134): Parameter "port_inclk1" = "PORT_UNUSED"
    Info (12134): Parameter "port_locked" = "PORT_UNUSED"
    Info (12134): Parameter "port_pfdena" = "PORT_UNUSED"
    Info (12134): Parameter "port_phasecounterselect" = "PORT_UNUSED"
    Info (12134): Parameter "port_phasedone" = "PORT_UNUSED"
    Info (12134): Parameter "port_phasestep" = "PORT_UNUSED"
    Info (12134): Parameter "port_phaseupdown" = "PORT_UNUSED"
    Info (12134): Parameter "port_pllena" = "PORT_UNUSED"
    Info (12134): Parameter "port_scanaclr" = "PORT_UNUSED"
    Info (12134): Parameter "port_scanclk" = "PORT_UNUSED"
    Info (12134): Parameter "port_scanclkena" = "PORT_UNUSED"
    Info (12134): Parameter "port_scandata" = "PORT_UNUSED"
    Info (12134): Parameter "port_scandataout" = "PORT_UNUSED"
    Info (12134): Parameter "port_scandone" = "PORT_UNUSED"
    Info (12134): Parameter "port_scanread" = "PORT_UNUSED"
    Info (12134): Parameter "port_scanwrite" = "PORT_UNUSED"
    Info (12134): Parameter "port_clk0" = "PORT_USED"
    Info (12134): Parameter "port_clk1" = "PORT_UNUSED"
    Info (12134): Parameter "port_clk2" = "PORT_UNUSED"
    Info (12134): Parameter "port_clk3" = "PORT_UNUSED"
    Info (12134): Parameter "port_clk4" = "PORT_UNUSED"
    Info (12134): Parameter "port_clk5" = "PORT_UNUSED"
    Info (12134): Parameter "port_clkena0" = "PORT_UNUSED"
    Info (12134): Parameter "port_clkena1" = "PORT_UNUSED"
    Info (12134): Parameter "port_clkena2" = "PORT_UNUSED"
    Info (12134): Parameter "port_clkena3" = "PORT_UNUSED"
    Info (12134): Parameter "port_clkena4" = "PORT_UNUSED"
    Info (12134): Parameter "port_clkena5" = "PORT_UNUSED"
    Info (12134): Parameter "port_extclk0" = "PORT_UNUSED"
    Info (12134): Parameter "port_extclk1" = "PORT_UNUSED"
    Info (12134): Parameter "port_extclk2" = "PORT_UNUSED"
    Info (12134): Parameter "port_extclk3" = "PORT_UNUSED"
    Info (12134): Parameter "width_clock" = "5"
Info (12021): Found 1 design units, including 1 entities, in source file db/ip_altpll.v
    Info (12023): Found entity 1: ip_altpll File: C:/Users/lolon/OneDrive/EPFL/Semester_Project/Shared_Folder/Lolo/UC_Davis/gsensor/synthesis/db/ip_altpll.v Line: 30
Info (12128): Elaborating entity "ip_altpll" for hierarchy "ip:ip_inst|altpll:altpll_component|ip_altpll:auto_generated" File: c:/intelfpga_lite/21.1/quartus/libraries/megafunctions/altpll.tdf Line: 898
Info (12128): Elaborating entity "spi_control" for hierarchy "spi_control:spi_ctrl" File: C:/Users/lolon/OneDrive/EPFL/Semester_Project/Shared_Folder/Lolo/UC_Davis/gsensor/hdl/accel.v Line: 80
Info (10264): Verilog HDL Case Statement information at spi_control.v(199): all case item expressions in this case statement are onehot File: C:/Users/lolon/OneDrive/EPFL/Semester_Project/Shared_Folder/Lolo/UC_Davis/gsensor/hdl/spi_control.v Line: 199
Info (12128): Elaborating entity "spi_serdes" for hierarchy "spi_control:spi_ctrl|spi_serdes:serdes" File: C:/Users/lolon/OneDrive/EPFL/Semester_Project/Shared_Folder/Lolo/UC_Davis/gsensor/hdl/spi_control.v Line: 127
Warning (10230): Verilog HDL assignment warning at spi_serdes.v(78): truncated value with size 32 to match size of target (4) File: C:/Users/lolon/OneDrive/EPFL/Semester_Project/Shared_Folder/Lolo/UC_Davis/gsensor/hdl/spi_serdes.v Line: 78
Warning (10230): Verilog HDL assignment warning at spi_serdes.v(91): truncated value with size 32 to match size of target (4) File: C:/Users/lolon/OneDrive/EPFL/Semester_Project/Shared_Folder/Lolo/UC_Davis/gsensor/hdl/spi_serdes.v Line: 91
Info (12128): Elaborating entity "seg7" for hierarchy "seg7:s0" File: C:/Users/lolon/OneDrive/EPFL/Semester_Project/Shared_Folder/Lolo/UC_Davis/gsensor/hdl/accel.v Line: 92
Error (12002): Port "display" does not exist in macrofunction "s5" File: C:/Users/lolon/OneDrive/EPFL/Semester_Project/Shared_Folder/Lolo/UC_Davis/gsensor/hdl/accel.v Line: 108
Error (12002): Port "in" does not exist in macrofunction "s5" File: C:/Users/lolon/OneDrive/EPFL/Semester_Project/Shared_Folder/Lolo/UC_Davis/gsensor/hdl/accel.v Line: 108
Error (12002): Port "display" does not exist in macrofunction "s4" File: C:/Users/lolon/OneDrive/EPFL/Semester_Project/Shared_Folder/Lolo/UC_Davis/gsensor/hdl/accel.v Line: 107
Error (12002): Port "in" does not exist in macrofunction "s4" File: C:/Users/lolon/OneDrive/EPFL/Semester_Project/Shared_Folder/Lolo/UC_Davis/gsensor/hdl/accel.v Line: 107
Error (12002): Port "display" does not exist in macrofunction "s3" File: C:/Users/lolon/OneDrive/EPFL/Semester_Project/Shared_Folder/Lolo/UC_Davis/gsensor/hdl/accel.v Line: 104
Error (12002): Port "in" does not exist in macrofunction "s3" File: C:/Users/lolon/OneDrive/EPFL/Semester_Project/Shared_Folder/Lolo/UC_Davis/gsensor/hdl/accel.v Line: 104
Error (12002): Port "display" does not exist in macrofunction "s2" File: C:/Users/lolon/OneDrive/EPFL/Semester_Project/Shared_Folder/Lolo/UC_Davis/gsensor/hdl/accel.v Line: 100
Error (12002): Port "in" does not exist in macrofunction "s2" File: C:/Users/lolon/OneDrive/EPFL/Semester_Project/Shared_Folder/Lolo/UC_Davis/gsensor/hdl/accel.v Line: 100
Error (12002): Port "display" does not exist in macrofunction "s1" File: C:/Users/lolon/OneDrive/EPFL/Semester_Project/Shared_Folder/Lolo/UC_Davis/gsensor/hdl/accel.v Line: 96
Error (12002): Port "in" does not exist in macrofunction "s1" File: C:/Users/lolon/OneDrive/EPFL/Semester_Project/Shared_Folder/Lolo/UC_Davis/gsensor/hdl/accel.v Line: 96
Error (12002): Port "display" does not exist in macrofunction "s0" File: C:/Users/lolon/OneDrive/EPFL/Semester_Project/Shared_Folder/Lolo/UC_Davis/gsensor/hdl/accel.v Line: 92
Error (12002): Port "in" does not exist in macrofunction "s0" File: C:/Users/lolon/OneDrive/EPFL/Semester_Project/Shared_Folder/Lolo/UC_Davis/gsensor/hdl/accel.v Line: 92
Error (12002): Port "c1" does not exist in macrofunction "ip_inst" File: C:/Users/lolon/OneDrive/EPFL/Semester_Project/Shared_Folder/Lolo/UC_Davis/gsensor/hdl/accel.v Line: 60
Error (12002): Port "c2" does not exist in macrofunction "ip_inst" File: C:/Users/lolon/OneDrive/EPFL/Semester_Project/Shared_Folder/Lolo/UC_Davis/gsensor/hdl/accel.v Line: 60
Warning (12241): 7 hierarchies have connectivity warnings - see the Connectivity Checks report folder
Info (144001): Generated suppressed messages file C:/Users/lolon/OneDrive/EPFL/Semester_Project/Shared_Folder/Lolo/UC_Davis/gsensor/synthesis/accel.map.smsg
Error: Quartus Prime Analysis & Synthesis was unsuccessful. 14 errors, 4 warnings
    Error: Peak virtual memory: 4733 megabytes
    Error: Processing ended: Mon Mar 11 02:40:59 2024
    Error: Elapsed time: 00:00:09
    Error: Total CPU time (on all processors): 00:00:11


+------------------------------------------+
; Analysis & Synthesis Suppressed Messages ;
+------------------------------------------+
The suppressed messages can be found in C:/Users/lolon/OneDrive/EPFL/Semester_Project/Shared_Folder/Lolo/UC_Davis/gsensor/synthesis/accel.map.smsg.


