Analysis & Synthesis report for spirit_level_cyc1000
Tue Mar 12 21:01:28 2024
Quartus Prime Version 21.1.0 Build 842 10/21/2021 SJ Lite Edition


---------------------
; Table of Contents ;
---------------------
  1. Legal Notice
  2. Analysis & Synthesis Summary
  3. Analysis & Synthesis Settings
  4. Parallel Compilation
  5. Analysis & Synthesis Messages



----------------
; Legal Notice ;
----------------
Copyright (C) 2021  Intel Corporation. All rights reserved.
Your use of Intel Corporation's design tools, logic functions 
and other software and tools, and any partner logic 
functions, and any output files from any of the foregoing 
(including device programming or simulation files), and any 
associated documentation or information are expressly subject 
to the terms and conditions of the Intel Program License 
Subscription Agreement, the Intel Quartus Prime License Agreement,
the Intel FPGA IP License Agreement, or other applicable license
agreement, including, without limitation, that your use is for
the sole purpose of programming logic devices manufactured by
Intel and sold by Intel or its authorized distributors.  Please
refer to the applicable agreement for further details, at
https://fpgasoftware.intel.com/eula.



+----------------------------------------------------------------------------------+
; Analysis & Synthesis Summary                                                     ;
+------------------------------------+---------------------------------------------+
; Analysis & Synthesis Status        ; Failed - Tue Mar 12 21:01:28 2024           ;
; Quartus Prime Version              ; 21.1.0 Build 842 10/21/2021 SJ Lite Edition ;
; Revision Name                      ; spirit_level_cyc1000                        ;
; Top-level Entity Name              ; spirit_level_cyc1000                        ;
; Family                             ; MAX 10                                      ;
; Total logic elements               ; N/A until Partition Merge                   ;
;     Total combinational functions  ; N/A until Partition Merge                   ;
;     Dedicated logic registers      ; N/A until Partition Merge                   ;
; Total registers                    ; N/A until Partition Merge                   ;
; Total pins                         ; N/A until Partition Merge                   ;
; Total virtual pins                 ; N/A until Partition Merge                   ;
; Total memory bits                  ; N/A until Partition Merge                   ;
; Embedded Multiplier 9-bit elements ; N/A until Partition Merge                   ;
; Total PLLs                         ; N/A until Partition Merge                   ;
; UFM blocks                         ; N/A until Partition Merge                   ;
; ADC blocks                         ; N/A until Partition Merge                   ;
+------------------------------------+---------------------------------------------+


+----------------------------------------------------------------------------------------------------------------+
; Analysis & Synthesis Settings                                                                                  ;
+------------------------------------------------------------------+----------------------+----------------------+
; Option                                                           ; Setting              ; Default Value        ;
+------------------------------------------------------------------+----------------------+----------------------+
; Device                                                           ; 10M50DAF484C7G       ;                      ;
; Top-level entity name                                            ; spirit_level_cyc1000 ; spirit_level_cyc1000 ;
; Family name                                                      ; MAX 10               ; Cyclone V            ;
; Use smart compilation                                            ; Off                  ; Off                  ;
; Enable parallel Assembler and Timing Analyzer during compilation ; On                   ; On                   ;
; Enable compact report table                                      ; Off                  ; Off                  ;
; Restructure Multiplexers                                         ; Auto                 ; Auto                 ;
; Create Debugging Nodes for IP Cores                              ; Off                  ; Off                  ;
; Preserve fewer node names                                        ; On                   ; On                   ;
; Intel FPGA IP Evaluation Mode                                    ; Enable               ; Enable               ;
; Verilog Version                                                  ; Verilog_2001         ; Verilog_2001         ;
; VHDL Version                                                     ; VHDL_1993            ; VHDL_1993            ;
; State Machine Processing                                         ; Auto                 ; Auto                 ;
; Safe State Machine                                               ; Off                  ; Off                  ;
; Extract Verilog State Machines                                   ; On                   ; On                   ;
; Extract VHDL State Machines                                      ; On                   ; On                   ;
; Ignore Verilog initial constructs                                ; Off                  ; Off                  ;
; Iteration limit for constant Verilog loops                       ; 5000                 ; 5000                 ;
; Iteration limit for non-constant Verilog loops                   ; 250                  ; 250                  ;
; Add Pass-Through Logic to Inferred RAMs                          ; On                   ; On                   ;
; Infer RAMs from Raw Logic                                        ; On                   ; On                   ;
; Parallel Synthesis                                               ; On                   ; On                   ;
; DSP Block Balancing                                              ; Auto                 ; Auto                 ;
; NOT Gate Push-Back                                               ; On                   ; On                   ;
; Power-Up Don't Care                                              ; On                   ; On                   ;
; Remove Redundant Logic Cells                                     ; Off                  ; Off                  ;
; Remove Duplicate Registers                                       ; On                   ; On                   ;
; Ignore CARRY Buffers                                             ; Off                  ; Off                  ;
; Ignore CASCADE Buffers                                           ; Off                  ; Off                  ;
; Ignore GLOBAL Buffers                                            ; Off                  ; Off                  ;
; Ignore ROW GLOBAL Buffers                                        ; Off                  ; Off                  ;
; Ignore LCELL Buffers                                             ; Off                  ; Off                  ;
; Ignore SOFT Buffers                                              ; On                   ; On                   ;
; Limit AHDL Integers to 32 Bits                                   ; Off                  ; Off                  ;
; Optimization Technique                                           ; Balanced             ; Balanced             ;
; Carry Chain Length                                               ; 70                   ; 70                   ;
; Auto Carry Chains                                                ; On                   ; On                   ;
; Auto Open-Drain Pins                                             ; On                   ; On                   ;
; Perform WYSIWYG Primitive Resynthesis                            ; Off                  ; Off                  ;
; Auto ROM Replacement                                             ; On                   ; On                   ;
; Auto RAM Replacement                                             ; On                   ; On                   ;
; Auto DSP Block Replacement                                       ; On                   ; On                   ;
; Auto Shift Register Replacement                                  ; Auto                 ; Auto                 ;
; Allow Shift Register Merging across Hierarchies                  ; Auto                 ; Auto                 ;
; Auto Clock Enable Replacement                                    ; On                   ; On                   ;
; Strict RAM Replacement                                           ; Off                  ; Off                  ;
; Allow Synchronous Control Signals                                ; On                   ; On                   ;
; Force Use of Synchronous Clear Signals                           ; Off                  ; Off                  ;
; Auto RAM Block Balancing                                         ; On                   ; On                   ;
; Auto RAM to Logic Cell Conversion                                ; Off                  ; Off                  ;
; Auto Resource Sharing                                            ; Off                  ; Off                  ;
; Allow Any RAM Size For Recognition                               ; Off                  ; Off                  ;
; Allow Any ROM Size For Recognition                               ; Off                  ; Off                  ;
; Allow Any Shift Register Size For Recognition                    ; Off                  ; Off                  ;
; Use LogicLock Constraints during Resource Balancing              ; On                   ; On                   ;
; Ignore translate_off and synthesis_off directives                ; Off                  ; Off                  ;
; Timing-Driven Synthesis                                          ; On                   ; On                   ;
; Report Parameter Settings                                        ; On                   ; On                   ;
; Report Source Assignments                                        ; On                   ; On                   ;
; Report Connectivity Checks                                       ; On                   ; On                   ;
; Ignore Maximum Fan-Out Assignments                               ; Off                  ; Off                  ;
; Synchronization Register Chain Length                            ; 2                    ; 2                    ;
; Power Optimization During Synthesis                              ; Normal compilation   ; Normal compilation   ;
; HDL message level                                                ; Level2               ; Level2               ;
; Suppress Register Optimization Related Messages                  ; Off                  ; Off                  ;
; Number of Removed Registers Reported in Synthesis Report         ; 5000                 ; 5000                 ;
; Number of Swept Nodes Reported in Synthesis Report               ; 5000                 ; 5000                 ;
; Number of Inverted Registers Reported in Synthesis Report        ; 100                  ; 100                  ;
; Clock MUX Protection                                             ; On                   ; On                   ;
; Auto Gated Clock Conversion                                      ; Off                  ; Off                  ;
; Block Design Naming                                              ; Auto                 ; Auto                 ;
; SDC constraint protection                                        ; Off                  ; Off                  ;
; Synthesis Effort                                                 ; Auto                 ; Auto                 ;
; Shift Register Replacement - Allow Asynchronous Clear Signal     ; On                   ; On                   ;
; Pre-Mapping Resynthesis Optimization                             ; Off                  ; Off                  ;
; Analysis & Synthesis Message Level                               ; Medium               ; Medium               ;
; Disable Register Merging Across Hierarchies                      ; Auto                 ; Auto                 ;
; Resource Aware Inference For Block RAM                           ; On                   ; On                   ;
+------------------------------------------------------------------+----------------------+----------------------+


+------------------------------------------+
; Parallel Compilation                     ;
+----------------------------+-------------+
; Processors                 ; Number      ;
+----------------------------+-------------+
; Number detected on machine ; 8           ;
; Maximum allowed            ; 4           ;
;                            ;             ;
; Average used               ; 1.00        ;
; Maximum used               ; 1           ;
;                            ;             ;
; Usage by Processor         ; % Time Used ;
;     Processor 1            ; 100.0%      ;
+----------------------------+-------------+


+-------------------------------+
; Analysis & Synthesis Messages ;
+-------------------------------+
Info: *******************************************************************
Info: Running Quartus Prime Analysis & Synthesis
    Info: Version 21.1.0 Build 842 10/21/2021 SJ Lite Edition
    Info: Processing started: Tue Mar 12 21:01:16 2024
Info: Command: quartus_map --read_settings_files=on --write_settings_files=off spirit_level_cyc1000 -c spirit_level_cyc1000
Warning (18236): Number of processors has not been specified which may cause overloading on shared machines.  Set the global assignment NUM_PARALLEL_PROCESSORS in your QSF to an appropriate value for best performance.
Info (20030): Parallel compilation is enabled and will use 4 of the 4 processors detected
Info (12021): Found 2 design units, including 1 entities, in source file spirit_level_cyc1000.vhd
    Info (12022): Found design unit 1: SPIRIT_LEVEL_CYC1000-RTL File: C:/Users/local_adm/Desktop/Semester_Project/Lolo/spirit_level/spirit_level_cyc1000.vhd Line: 27
    Info (12023): Found entity 1: SPIRIT_LEVEL_CYC1000 File: C:/Users/local_adm/Desktop/Semester_Project/Lolo/spirit_level/spirit_level_cyc1000.vhd Line: 13
Info (12021): Found 2 design units, including 1 entities, in source file rst_sync.vhd
    Info (12022): Found design unit 1: RST_SYNC-RTL File: C:/Users/local_adm/Desktop/Semester_Project/Lolo/spirit_level/rst_sync.vhd Line: 21
    Info (12023): Found entity 1: RST_SYNC File: C:/Users/local_adm/Desktop/Semester_Project/Lolo/spirit_level/rst_sync.vhd Line: 13
Info (12021): Found 2 design units, including 1 entities, in source file spi_master.vhd
    Info (12022): Found design unit 1: SPI_MASTER-RTL File: C:/Users/local_adm/Desktop/Semester_Project/Lolo/spirit_level/spi_master.vhd Line: 43
    Info (12023): Found entity 1: SPI_MASTER File: C:/Users/local_adm/Desktop/Semester_Project/Lolo/spirit_level/spi_master.vhd Line: 16
Info (12127): Elaborating entity "spirit_level_cyc1000" for the top level hierarchy
Warning (10445): VHDL Subtype or Type Declaration warning at spi_master.vhd(33): subtype or type has null range File: C:/Users/local_adm/Desktop/Semester_Project/Lolo/spirit_level/spi_master.vhd Line: 33
Warning (10296): VHDL warning at spirit_level_cyc1000.vhd(73): ignored assignment of value to null range File: C:/Users/local_adm/Desktop/Semester_Project/Lolo/spirit_level/spirit_level_cyc1000.vhd Line: 73
Info (12128): Elaborating entity "RST_SYNC" for hierarchy "RST_SYNC:rst_sync_i" File: C:/Users/local_adm/Desktop/Semester_Project/Lolo/spirit_level/spirit_level_cyc1000.vhd Line: 51
Info (12128): Elaborating entity "SPI_MASTER" for hierarchy "SPI_MASTER:spi_master_i" File: C:/Users/local_adm/Desktop/Semester_Project/Lolo/spirit_level/spirit_level_cyc1000.vhd Line: 58
Warning (10445): VHDL Subtype or Type Declaration warning at spi_master.vhd(33): subtype or type has null range File: C:/Users/local_adm/Desktop/Semester_Project/Lolo/spirit_level/spi_master.vhd Line: 33
Warning (10445): VHDL Subtype or Type Declaration warning at spi_master.vhd(52): subtype or type has null range File: C:/Users/local_adm/Desktop/Semester_Project/Lolo/spirit_level/spi_master.vhd Line: 52
Warning (10036): Verilog HDL or VHDL warning at spi_master.vhd(52): object "addr_reg" assigned a value but never read File: C:/Users/local_adm/Desktop/Semester_Project/Lolo/spirit_level/spi_master.vhd Line: 52
Error (10652): VHDL Assertion Statement at spi_master.vhd(73): assertion is false - report "condition: SCLK_FREQ <= CLK_FREQ/10" (FAILURE or ERROR) File: C:/Users/local_adm/Desktop/Semester_Project/Lolo/spirit_level/spi_master.vhd Line: 73
Error (12152): Can't elaborate user hierarchy "SPI_MASTER:spi_master_i" File: C:/Users/local_adm/Desktop/Semester_Project/Lolo/spirit_level/spirit_level_cyc1000.vhd Line: 58
Error: Quartus Prime Analysis & Synthesis was unsuccessful. 2 errors, 6 warnings
    Error: Peak virtual memory: 4781 megabytes
    Error: Processing ended: Tue Mar 12 21:01:28 2024
    Error: Elapsed time: 00:00:12
    Error: Total CPU time (on all processors): 00:00:30


